[0501/141342.445:ERROR:audio_rtp_receiver.cc(89)] AudioRtpReceiver::OnSetVolume: No audio channel exists.
[0501/141342.446:WARNING:used_ids.h(55)] Duplicate id found. Reassigning from 104 to 127
[0501/141342.446:WARNING:used_ids.h(55)] Duplicate id found. Reassigning from 102 to 125
[0501/141342.446:WARNING:used_ids.h(55)] Duplicate id found. Reassigning from 104 to 124
[0501/141342.446:WARNING:used_ids.h(55)] Duplicate id found. Reassigning from 106 to 123
[0501/141342.446:WARNING:used_ids.h(55)] Duplicate id found. Reassigning from 103 to 122
[0501/141342.446:WARNING:used_ids.h(55)] Duplicate id found. Reassigning from 105 to 121
[0501/141342.446:WARNING:used_ids.h(55)] Duplicate id found. Reassigning from 109 to 120
[0501/141342.446:WARNING:used_ids.h(55)] Duplicate id found. Reassigning from 1 to 14
[0501/141342.446:WARNING:used_ids.h(55)] Duplicate id found. Reassigning from 3 to 13
[0501/141342.446:WARNING:used_ids.h(55)] Duplicate id found. Reassigning from 5 to 12
[0501/141342.446:WARNING:used_ids.h(55)] Duplicate id found. Reassigning from 6 to 11
[0501/141355.164:WARNING:used_ids.h(55)] Duplicate id found. Reassigning from 104 to 127
[0501/141355.164:WARNING:used_ids.h(55)] Duplicate id found. Reassigning from 102 to 125
[0501/141355.164:WARNING:used_ids.h(55)] Duplicate id found. Reassigning from 104 to 124
[0501/141355.164:WARNING:used_ids.h(55)] Duplicate id found. Reassigning from 106 to 123
[0501/141355.164:WARNING:used_ids.h(55)] Duplicate id found. Reassigning from 103 to 122
[0501/141355.164:WARNING:used_ids.h(55)] Duplicate id found. Reassigning from 105 to 121
[0501/141355.164:WARNING:used_ids.h(55)] Duplicate id found. Reassigning from 109 to 120
[0501/141355.164:WARNING:used_ids.h(55)] Duplicate id found. Reassigning from 1 to 14
[0501/141355.164:WARNING:used_ids.h(55)] Duplicate id found. Reassigning from 3 to 13
[0501/141355.164:WARNING:used_ids.h(55)] Duplicate id found. Reassigning from 5 to 12
[0501/141355.164:WARNING:used_ids.h(55)] Duplicate id found. Reassigning from 6 to 11
[0501/141355.165:ERROR:audio_rtp_receiver.cc(89)] AudioRtpReceiver::OnSetVolume: No audio channel exists.
[0501/141425.083:WARNING:used_ids.h(55)] Duplicate id found. Reassigning from 104 to 127
[0501/141425.083:WARNING:used_ids.h(55)] Duplicate id found. Reassigning from 102 to 125
[0501/141425.083:WARNING:used_ids.h(55)] Duplicate id found. Reassigning from 104 to 124
[0501/141425.083:WARNING:used_ids.h(55)] Duplicate id found. Reassigning from 106 to 123
[0501/141425.083:WARNING:used_ids.h(55)] Duplicate id found. Reassigning from 103 to 122
[0501/141425.084:WARNING:used_ids.h(55)] Duplicate id found. Reassigning from 105 to 121
[0501/141425.084:WARNING:used_ids.h(55)] Duplicate id found. Reassigning from 109 to 120
[0501/141425.084:WARNING:used_ids.h(55)] Duplicate id found. Reassigning from 1 to 14
[0501/141425.084:WARNING:used_ids.h(55)] Duplicate id found. Reassigning from 3 to 13
[0501/141425.084:WARNING:used_ids.h(55)] Duplicate id found. Reassigning from 5 to 12
[0501/141425.084:WARNING:used_ids.h(55)] Duplicate id found. Reassigning from 6 to 11
[0501/141425.084:ERROR:audio_rtp_receiver.cc(89)] AudioRtpReceiver::OnSetVolume: No audio channel exists.
[0501/141526.029:WARNING:used_ids.h(55)] Duplicate id found. Reassigning from 104 to 127
[0501/141526.029:WARNING:used_ids.h(55)] Duplicate id found. Reassigning from 103 to 125
[0501/141526.029:WARNING:used_ids.h(55)] Duplicate id found. Reassigning from 1 to 14
[0501/141526.029:WARNING:used_ids.h(55)] Duplicate id found. Reassigning from 3 to 13
[0501/141526.029:WARNING:used_ids.h(55)] Duplicate id found. Reassigning from 5 to 12
[0501/141526.029:WARNING:used_ids.h(55)] Duplicate id found. Reassigning from 6 to 11
[0501/141526.030:ERROR:audio_rtp_receiver.cc(89)] AudioRtpReceiver::OnSetVolume: No audio channel exists.
[0501/153207.236:WARNING:ipc_message_attachment_set.cc(49)] MessageAttachmentSet destroyed with unconsumed attachments: 0/1
[0501/153243.521:ERROR:batching_media_log.cc(38)] MediaEvent: {"error":"FFmpegDemuxer: no supported streams"}
[0501/153243.521:ERROR:batching_media_log.cc(35)] MediaEvent: {"pipeline_error":14}
[0501/153243.569:ERROR:batching_media_log.cc(38)] MediaEvent: {"error":"FFmpegDemuxer: no supported streams"}
[0501/153243.569:ERROR:batching_media_log.cc(35)] MediaEvent: {"pipeline_error":14}
